\BOOKMARK [1][-]{section.1}{Introduction}{}% 1
\BOOKMARK [2][-]{subsection.1.1}{Preview of leading framework and exercises}{section.1}% 2
\BOOKMARK [2][-]{subsection.1.2}{Related Literature}{section.1}% 3
\BOOKMARK [1][-]{section.2}{A Primer on Reinforcement Learning}{}% 4
\BOOKMARK [2][-]{subsection.2.1}{Deep Reinforcement Learning}{section.2}% 5
\BOOKMARK [2][-]{subsection.2.2}{State of the Art Algorithms}{section.2}% 6
\BOOKMARK [2][-]{subsection.2.3}{Multi-Agent Reinforcement Learning}{section.2}% 7
\BOOKMARK [1][-]{section.3}{Baseline Framework}{}% 8
\BOOKMARK [2][-]{subsection.3.1}{Competitive Market's Formulation}{section.3}% 9
\BOOKMARK [3][-]{subsubsection.3.1.1}{Household}{subsection.3.1}% 10
\BOOKMARK [3][-]{subsubsection.3.1.2}{Capital good firms \(superscript c\)}{subsection.3.1}% 11
\BOOKMARK [3][-]{subsubsection.3.1.3}{Market clearing and equilibrium definition}{subsection.3.1}% 12
\BOOKMARK [3][-]{subsubsection.3.1.4}{System of Equations}{subsection.3.1}% 13
\BOOKMARK [2][-]{subsection.3.2}{Deterministic Steady state}{section.3}% 14
\BOOKMARK [2][-]{subsection.3.3}{Planner's Formulation}{section.3}% 15
\BOOKMARK [1][-]{section.4}{Applying Reinforcement Learning}{}% 16
\BOOKMARK [2][-]{subsection.4.1}{Learning by a Planner}{section.4}% 17
\BOOKMARK [2][-]{subsection.4.2}{Multi-agent learning}{section.4}% 18
\BOOKMARK [1][-]{section.5}{Design Lessons}{}% 19
\BOOKMARK [1][-]{section.6}{Conclusion}{}% 20
